I, [2019-07-10T23:30:07.504401 #6527]  INFO -- : "Request: GET /tests/jk"
"Parameters: {:id=>"jk"}"
handler_info(controller, info)
response_info(response, env["simpler.template"], controller, action)

I, [2019-07-10T23:32:08.924332 #6620]  INFO -- : "Request: GET /tests/jk"
"Parameters: {:id=>"jk"}"
Handler: TestsController#show
Response: 200 text/html tests/show.html.erb

I, [2019-07-10T23:34:17.892433 #6662]  INFO -- : Request: GET /tests/jk"
Parameters: {:id=>"jk"}"
Handler: TestsController#show
Response: 200 text/html tests/show.html.erb

I, [2019-07-10T23:34:47.558458 #6693]  INFO -- : Request: GET /tests/jk"
Parameters: {:id=>"jk"}"
Handler: TestsController#show
Response: 200 text/html tests/show.html.erb

I, [2019-07-10T23:35:04.090113 #6693]  INFO -- : Request: GET /tests/jk"
Parameters: {:id=>"jk"}"
Handler: TestsController#show
Response: 200 text/html tests/show.html.erb

I, [2019-07-10T23:35:51.445506 #6693]  INFO -- : Request: GET /tests"
Parameters: {}"
Handler: TestsController#index
Response: 200 text/plain 

